e:\cmp 2018\402\testing\trials\pt-project\pt-project\debug\vc141.pdb
e:\cmp 2018\402\testing\trials\pt-project\pt-project\debug\vc141.idb
e:\cmp 2018\402\testing\trials\pt-project\pt-project\debug\mousequeue.obj
e:\cmp 2018\402\testing\trials\pt-project\pt-project\debug\keyqueue.obj
e:\cmp 2018\402\testing\trials\pt-project\pt-project\debug\image.obj
e:\cmp 2018\402\testing\trials\pt-project\pt-project\debug\colors.obj
e:\cmp 2018\402\testing\trials\pt-project\pt-project\debug\cmugraphics.obj
e:\cmp 2018\402\testing\trials\pt-project\pt-project\debug\auxil.obj
e:\cmp 2018\402\testing\trials\pt-project\pt-project\debug\applicationmanager.obj
e:\cmp 2018\402\testing\trials\pt-project\pt-project\debug\validate.obj
e:\cmp 2018\402\testing\trials\pt-project\pt-project\debug\save.obj
e:\cmp 2018\402\testing\trials\pt-project\pt-project\debug\run.obj
e:\cmp 2018\402\testing\trials\pt-project\pt-project\debug\load.obj
e:\cmp 2018\402\testing\trials\pt-project\pt-project\debug\delete.obj
e:\cmp 2018\402\testing\trials\pt-project\pt-project\debug\comment.obj
e:\cmp 2018\402\testing\trials\pt-project\pt-project\debug\add_start_end.obj
e:\cmp 2018\402\testing\trials\pt-project\pt-project\debug\add_conn.obj
e:\cmp 2018\402\testing\trials\pt-project\pt-project\debug\addvariable.obj
e:\cmp 2018\402\testing\trials\pt-project\pt-project\debug\addsmplassign.obj
e:\cmp 2018\402\testing\trials\pt-project\pt-project\debug\addreadwrite.obj
e:\cmp 2018\402\testing\trials\pt-project\pt-project\debug\addcond.obj
e:\cmp 2018\402\testing\trials\pt-project\pt-project\debug\action.obj
e:\cmp 2018\402\testing\trials\pt-project\pt-project\debug\variable.obj
e:\cmp 2018\402\testing\trials\pt-project\pt-project\debug\statement.obj
e:\cmp 2018\402\testing\trials\pt-project\pt-project\debug\start_end.obj
e:\cmp 2018\402\testing\trials\pt-project\pt-project\debug\smplassign.obj
e:\cmp 2018\402\testing\trials\pt-project\pt-project\debug\readwrite.obj
e:\cmp 2018\402\testing\trials\pt-project\pt-project\debug\connector.obj
e:\cmp 2018\402\testing\trials\pt-project\pt-project\debug\conditional.obj
e:\cmp 2018\402\testing\trials\pt-project\pt-project\debug\main.obj
e:\cmp 2018\402\testing\trials\pt-project\pt-project\debug\output.obj
e:\cmp 2018\402\testing\trials\pt-project\pt-project\debug\input.obj
e:\cmp 2018\402\testing\trials\pt-project\pt-project\debug\windowinput.obj
e:\cmp 2018\402\testing\trials\pt-project\pt-project\debug\jerror.obj
e:\cmp 2018\402\testing\trials\pt-project\pt-project\debug\jdtrans.obj
e:\cmp 2018\402\testing\trials\pt-project\pt-project\debug\jdsample.obj
e:\cmp 2018\402\testing\trials\pt-project\pt-project\debug\jdpostct.obj
e:\cmp 2018\402\testing\trials\pt-project\pt-project\debug\jdphuff.obj
e:\cmp 2018\402\testing\trials\pt-project\pt-project\debug\jdmerge.obj
e:\cmp 2018\402\testing\trials\pt-project\pt-project\debug\jdmaster.obj
e:\cmp 2018\402\testing\trials\pt-project\pt-project\debug\jdmarker.obj
e:\cmp 2018\402\testing\trials\pt-project\pt-project\debug\jdmainct.obj
e:\cmp 2018\402\testing\trials\pt-project\pt-project\debug\jdinput.obj
e:\cmp 2018\402\testing\trials\pt-project\pt-project\debug\jdhuff.obj
e:\cmp 2018\402\testing\trials\pt-project\pt-project\debug\jddctmgr.obj
e:\cmp 2018\402\testing\trials\pt-project\pt-project\debug\jdcolor.obj
e:\cmp 2018\402\testing\trials\pt-project\pt-project\debug\jdcoefct.obj
e:\cmp 2018\402\testing\trials\pt-project\pt-project\debug\jdatasrc.obj
e:\cmp 2018\402\testing\trials\pt-project\pt-project\debug\jdapistd.obj
e:\cmp 2018\402\testing\trials\pt-project\pt-project\debug\jdapimin.obj
e:\cmp 2018\402\testing\trials\pt-project\pt-project\debug\jcparam.obj
e:\cmp 2018\402\testing\trials\pt-project\pt-project\debug\jcomapi.obj
e:\cmp 2018\402\testing\trials\pt-project\pt-project\debug\jpegload.obj
e:\cmp 2018\402\testing\trials\pt-project\pt-project\debug\jutils.obj
e:\cmp 2018\402\testing\trials\pt-project\pt-project\debug\jquant2.obj
e:\cmp 2018\402\testing\trials\pt-project\pt-project\debug\jquant1.obj
e:\cmp 2018\402\testing\trials\pt-project\pt-project\debug\jmemnobs.obj
e:\cmp 2018\402\testing\trials\pt-project\pt-project\debug\jmemmgr.obj
e:\cmp 2018\402\testing\trials\pt-project\pt-project\debug\jidctred.obj
e:\cmp 2018\402\testing\trials\pt-project\pt-project\debug\jidctint.obj
e:\cmp 2018\402\testing\trials\pt-project\pt-project\debug\jidctfst.obj
e:\cmp 2018\402\testing\trials\pt-project\pt-project\debug\jidctflt.obj
e:\cmp 2018\402\testing\trials\pt-project\pt-project\debug\gmock-all.obj
e:\cmp 2018\402\testing\trials\pt-project\pt-project\debug\gtest-all.obj
e:\cmp 2018\402\testing\trials\pt-project\debug\pt-project.exe
e:\cmp 2018\402\testing\trials\pt-project\debug\pt-project.ilk
e:\cmp 2018\402\testing\trials\pt-project\debug\pt-project.pdb
e:\cmp 2018\402\testing\trials\pt-project\pt-project\debug\pt-project.tlog\cl.command.1.tlog
e:\cmp 2018\402\testing\trials\pt-project\pt-project\debug\pt-project.tlog\cl.read.1.tlog
e:\cmp 2018\402\testing\trials\pt-project\pt-project\debug\pt-project.tlog\cl.write.1.tlog
e:\cmp 2018\402\testing\trials\pt-project\pt-project\debug\pt-project.tlog\link.command.1.tlog
e:\cmp 2018\402\testing\trials\pt-project\pt-project\debug\pt-project.tlog\link.read.1.tlog
e:\cmp 2018\402\testing\trials\pt-project\pt-project\debug\pt-project.tlog\link.write.1.tlog
